{
  "0 debug pnpm:scope": {
    "selected": 1
  },
  "1 info pnpm": {
    "err": {
      "name": "Error",
      "message": "not found: decv",
      "code": "ENOENT",
      "stack": "Error: not found: decv\n    at getNotFoundError (/Users/flippedround/.nvm/versions/node/v16.13.1/pnpm-global/5/node_modules/.pnpm/pnpm@6.24.0/node_modules/pnpm/dist/pnpm.cjs:41440:51)\n    at Function.whichSync [as sync] (/Users/flippedround/.nvm/versions/node/v16.13.1/pnpm-global/5/node_modules/.pnpm/pnpm@6.24.0/node_modules/pnpm/dist/pnpm.cjs:41517:13)\n    at getCommandAbsolutePathSync (/Users/flippedround/.nvm/versions/node/v16.13.1/pnpm-global/5/node_modules/.pnpm/pnpm@6.24.0/node_modules/pnpm/dist/pnpm.cjs:43082:44)\n    at default_1 (/Users/flippedround/.nvm/versions/node/v16.13.1/pnpm-global/5/node_modules/.pnpm/pnpm@6.24.0/node_modules/pnpm/dist/pnpm.cjs:43091:32)\n    at /Users/flippedround/.nvm/versions/node/v16.13.1/pnpm-global/5/node_modules/.pnpm/pnpm@6.24.0/node_modules/pnpm/dist/pnpm.cjs:179656:39"
    }
  },
  "2 error pnpm": {
    "code": "ERR_PNPM_RECURSIVE_EXEC_FIRST_FAIL",
    "prefix": "/Users/flippedround/Desktop/petite-vue-ui-ts",
    "err": {
      "name": "pnpm",
      "message": "not found: decv",
      "code": "ERR_PNPM_RECURSIVE_EXEC_FIRST_FAIL",
      "stack": "Error: not found: decv\n    at getNotFoundError (/Users/flippedround/.nvm/versions/node/v16.13.1/pnpm-global/5/node_modules/.pnpm/pnpm@6.24.0/node_modules/pnpm/dist/pnpm.cjs:41440:51)\n    at Function.whichSync [as sync] (/Users/flippedround/.nvm/versions/node/v16.13.1/pnpm-global/5/node_modules/.pnpm/pnpm@6.24.0/node_modules/pnpm/dist/pnpm.cjs:41517:13)\n    at getCommandAbsolutePathSync (/Users/flippedround/.nvm/versions/node/v16.13.1/pnpm-global/5/node_modules/.pnpm/pnpm@6.24.0/node_modules/pnpm/dist/pnpm.cjs:43082:44)\n    at default_1 (/Users/flippedround/.nvm/versions/node/v16.13.1/pnpm-global/5/node_modules/.pnpm/pnpm@6.24.0/node_modules/pnpm/dist/pnpm.cjs:43091:32)\n    at /Users/flippedround/.nvm/versions/node/v16.13.1/pnpm-global/5/node_modules/.pnpm/pnpm@6.24.0/node_modules/pnpm/dist/pnpm.cjs:179656:39"
    }
  }
}